<?xml version="1.0" encoding="UTF-8"?>
<!-- Generated by org.testng.reporters.JUnitXMLReporter -->
<testsuite ignored="0" hostname="DESKTOP-5HBRUB1" failures="0" tests="20" name="Test" time="21.726" errors="0" timestamp="2021-06-24T18:00:17 IST">
  <testcase classname="RestAssuredExamples.CreateNewRecord_Post" name="contentEncoding" time="0.02"/>
  <testcase classname="RestAssuredExamples.CreateNewRecord_Post" name="verifyContentType" time="0.005"/>
  <testcase classname="RestAssuredExamples.CreateNewRecord_Post" name="verifyStatusBody" time="0.053"/>
  <testcase classname="RestAssuredExamples.CreateNewRecord_Post" name="verifyStatusCode" time="0.003"/>
  <testcase classname="RestAssuredExamples.CreateNewRecord_Post" name="verifyStatusLine" time="0.005"/>
  <testcase classname="RestAssuredExamples.validateEmployeeData_Delete" name="validateStatusCode" time="0.006"/>
  <testcase classname="RestAssuredExamples.validateEmployeeData_Put" name="contentEncoding" time="0.003"/>
  <testcase classname="RestAssuredExamples.validateEmployeeData_Put" name="verifyContentType" time="0.006"/>
  <testcase classname="RestAssuredExamples.validateEmployeeData_Put" name="verifyStatusBody" time="0.003"/>
  <testcase classname="RestAssuredExamples.validateEmployeeData_Put" name="verifyStatusCode" time="0.002"/>
  <testcase classname="RestAssuredExamples.validateEmployeeData_Put" name="verifyStatusLine" time="0.002"/>
  <testcase classname="RestAssuredExamples.ValidateEmployeeData" name="validateContentTypeHeader" time="0.003"/>
  <testcase classname="RestAssuredExamples.ValidateEmployeeData" name="validateResponseBody" time="0.003"/>
  <testcase classname="RestAssuredExamples.ValidateEmployeeData" name="validateStatusLine" time="0.004"/>
  <testcase classname="RestAssuredExamples.ValidateEmployeeData" name="validateStausCode" time="0.003"/>
  <testcase classname="RestAssuredExamples.ValidateSingleEmployeeData" name="validateContentType" time="0.002"/>
  <testcase classname="RestAssuredExamples.ValidateSingleEmployeeData" name="validateResponseTime" time="0.002"/>
  <testcase classname="RestAssuredExamples.ValidateSingleEmployeeData" name="validateSatusCode" time="0.001"/>
  <testcase classname="RestAssuredExamples.ValidateSingleEmployeeData" name="validateSeverType" time="0.002"/>
  <testcase classname="RestAssuredExamples.ValidateSingleEmployeeData" name="validateStatusLine" time="0.002"/>
</testsuite> <!-- Test -->
